0 info it worked if it ends with ok
1 verbose cli [ '/Users/shichiku_yuki/.nvm/versions/node/v0.12.4/bin/node',
1 verbose cli   '/Users/shichiku_yuki/.nvm/versions/node/v0.12.4/bin/npm',
1 verbose cli   'start' ]
2 info using npm@2.10.1
3 info using node@v0.12.4
4 verbose stack Error: ENOENT, open '/Users/shichiku_yuki/Documents/project/schoo/package.json'
4 verbose stack     at Error (native)
5 verbose cwd /Users/shichiku_yuki/Documents/project/schoo
6 error Darwin 14.3.0
7 error argv "/Users/shichiku_yuki/.nvm/versions/node/v0.12.4/bin/node" "/Users/shichiku_yuki/.nvm/versions/node/v0.12.4/bin/npm" "start"
8 error node v0.12.4
9 error npm  v2.10.1
10 error path /Users/shichiku_yuki/Documents/project/schoo/package.json
11 error code ENOENT
12 error errno -2
13 error enoent ENOENT, open '/Users/shichiku_yuki/Documents/project/schoo/package.json'
13 error enoent This is most likely not a problem with npm itself
13 error enoent and is related to npm not being able to find a file.
14 verbose exit [ -2, true ]
